\BOOKMARK [0][-]{chapter.2}{\376\377\0001\000\040\000E\000i\000n\000l\000e\000i\000t\000u\000n\000g}{}% 1
\BOOKMARK [1][-]{section.3}{\376\377\0001\000.\0001\000\040\000E\000i\000n\000f\000\374\000h\000r\000u\000n\000g\000\040\000i\000n\000\040\000d\000r\000a\000h\000t\000l\000o\000s\000e\000\040\000\334\000b\000e\000r\000t\000r\000a\000g\000u\000n\000g\000\040\000u\000n\000d\000\040\000L\000i\000n\000k\000-\000B\000u\000d\000g\000e\000t}{chapter.2}% 2
\BOOKMARK [1][-]{section.4}{\376\377\0001\000.\0002\000\040\000Z\000i\000e\000l\000\040\000d\000e\000s\000\040\000V\000e\000r\000s\000u\000c\000h\000s}{chapter.2}% 3
\BOOKMARK [0][-]{chapter.5}{\376\377\0002\000\040\000T\000h\000e\000o\000r\000e\000t\000i\000s\000c\000h\000e\000\040\000G\000r\000u\000n\000d\000l\000a\000g\000e\000n}{}% 4
\BOOKMARK [1][-]{section.6}{\376\377\0002\000.\0001\000\040\000D\000\344\000m\000p\000f\000u\000n\000g}{chapter.5}% 5
\BOOKMARK [1][-]{section.7}{\376\377\0002\000.\0002\000\040\000S\000p\000e\000k\000t\000r\000u\000m\000a\000n\000a\000l\000y\000s\000e}{chapter.5}% 6
\BOOKMARK [1][-]{section.8}{\376\377\0002\000.\0003\000\040\000F\000u\000n\000d\000a\000m\000e\000n\000t\000a\000l\000e\000r\000\040\000T\000o\000n}{chapter.5}% 7
\BOOKMARK [1][-]{section.9}{\376\377\0002\000.\0004\000\040\000L\000i\000n\000k\000\040\000B\000u\000d\000g\000e\000t\000\040\000u\000n\000d\000\040\000P\000a\000t\000h\000l\000o\000s\000s}{chapter.5}% 8
\BOOKMARK [0][-]{chapter.10}{\376\377\0003\000\040\000V\000e\000r\000s\000u\000c\000h\000s\000a\000u\000f\000b\000a\000u}{}% 9
\BOOKMARK [1][-]{section.11}{\376\377\0003\000.\0001\000\040\000V\000e\000r\000w\000e\000n\000d\000e\000t\000e\000\040\000G\000e\000r\000\344\000t\000e}{chapter.10}% 10
\BOOKMARK [1][-]{section.12}{\376\377\0003\000.\0002\000\040\000M\000e\000s\000s\000a\000u\000f\000b\000a\000u}{chapter.10}% 11
\BOOKMARK [0][-]{chapter.13}{\376\377\0004\000\040\000D\000u\000r\000c\000h\000f\000\374\000h\000r\000u\000n\000g}{}% 12
\BOOKMARK [1][-]{section.14}{\376\377\0004\000.\0001\000\040\000T\000a\000s\000k\000\040\0001\000:\000\040\000K\000a\000b\000e\000l\000\040\000c\000h\000a\000r\000a\000k\000t\000e\000r\000i\000s\000i\000e\000r\000e\000n}{chapter.13}% 13
\BOOKMARK [1][-]{section.15}{\376\377\0004\000.\0002\000\040\000T\000a\000s\000k\000\040\0002\000:\000\040\000A\000u\000s\000g\000a\000n\000g\000s\000l\000e\000i\000s\000t\000u\000n\000g\000\040\000m\000e\000s\000s\000e\000n}{chapter.13}% 14
\BOOKMARK [1][-]{section.16}{\376\377\0004\000.\0003\000\040\000T\000a\000s\000k\000\040\0003\000:\000\040\000F\000u\000n\000d\000a\000m\000e\000n\000t\000a\000l\000e\000n\000\040\000T\000o\000n\000\040\000v\000e\000r\000m\000e\000s\000s\000e\000n}{chapter.13}% 15
\BOOKMARK [1][-]{section.17}{\376\377\0004\000.\0004\000\040\000T\000a\000s\000k\000\040\0004\000:\000\040\000F\000u\000n\000k\000\374\000b\000e\000r\000t\000r\000a\000g\000u\000n\000g\000s\000e\000x\000p\000e\000r\000i\000m\000e\000n\000t}{chapter.13}% 16
\BOOKMARK [1][-]{section.18}{\376\377\0004\000.\0005\000\040\000T\000a\000s\000k\000\040\0005\000:\000\040\000L\000i\000n\000k\000\040\000B\000u\000d\000g\000e\000t\000\040\000b\000e\000r\000e\000c\000h\000n\000e\000n}{chapter.13}% 17
\BOOKMARK [0][-]{chapter.19}{\376\377\0005\000\040\000E\000r\000g\000e\000b\000n\000i\000s\000s\000e}{}% 18
\BOOKMARK [1][-]{section.20}{\376\377\0005\000.\0001\000\040\000T\000a\000b\000e\000l\000l\000e\000n\000\040\000u\000n\000d\000\040\000D\000i\000a\000g\000r\000a\000m\000m\000e}{chapter.19}% 19
\BOOKMARK [0][-]{chapter.21}{\376\377\0006\000\040\000D\000i\000s\000k\000u\000s\000s\000i\000o\000n}{}% 20
\BOOKMARK [1][-]{section.22}{\376\377\0006\000.\0001\000\040\000V\000e\000r\000g\000l\000e\000i\000c\000h\000\040\000v\000o\000n\000\040\000T\000h\000e\000o\000r\000i\000e\000\040\000u\000n\000d\000\040\000P\000r\000a\000x\000i\000s}{chapter.21}% 21
\BOOKMARK [1][-]{section.23}{\376\377\0006\000.\0002\000\040\000E\000r\000k\000l\000\344\000r\000u\000n\000g\000\040\000v\000o\000n\000\040\000A\000b\000w\000e\000i\000c\000h\000u\000n\000g\000e\000n}{chapter.21}% 22
\BOOKMARK [0][-]{chapter.24}{\376\377\0007\000\040\000F\000a\000z\000i\000t}{}% 23
\BOOKMARK [1][-]{section.25}{\376\377\0007\000.\0001\000\040\000Z\000u\000s\000a\000m\000m\000e\000n\000f\000a\000s\000s\000u\000n\000g\000\040\000d\000e\000r\000\040\000w\000i\000c\000h\000t\000i\000g\000s\000t\000e\000n\000\040\000E\000r\000k\000e\000n\000n\000t\000n\000i\000s\000s\000e}{chapter.24}% 24
\BOOKMARK [1][-]{section.26}{\376\377\0007\000.\0002\000\040\000R\000e\000f\000l\000e\000x\000i\000o\000n\000\040\000u\000n\000d\000\040\000m\000\366\000g\000l\000i\000c\000h\000e\000\040\000V\000e\000r\000b\000e\000s\000s\000e\000r\000u\000n\000g\000e\000n}{chapter.24}% 25
\BOOKMARK [0][-]{chapter.27}{\376\377\0008\000\040\000L\000i\000t\000e\000r\000a\000t\000u\000r\000v\000e\000r\000z\000e\000i\000c\000h\000n\000i\000s}{}% 26
\BOOKMARK [1][-]{section.28}{\376\377\0008\000.\0001\000\040\000Q\000u\000e\000l\000l\000e\000n}{chapter.27}% 27
